<?xml version="1.0" encoding="UTF-8"?>
<testsuite xmlns:xsi="http://www.w3.org/2001/XMLSchema-instance" xsi:noNamespaceSchemaLocation="https://maven.apache.org/surefire/maven-surefire-plugin/xsd/surefire-test-report.xsd" name="fr.lernejo.SampleTest" time="0.317" tests="6" errors="0" skipped="0" failures="0">
  <properties>
[...]
</properties>
  <testcase name="multi_behaves_as_expected{int, int, int}[1]" classname="fr.lernejo.SampleTest" time="0.193"/>
  <testcase name="multi_behaves_as_expected{int, int, int}[2]" classname="fr.lernejo.SampleTest" time="0.002"/>
  <testcase name="null_op_should_produce_an_exception" classname="fr.lernejo.SampleTest" time="0.01"/>
  <testcase name="dividing_10_by_2_should_produce_5" classname="fr.lernejo.SampleTest" time="0.001"/>
  <testcase name="add_behaves_as_expected{int, int, int}[1]" classname="fr.lernejo.SampleTest" time="0.002"/>
  <testcase name="add_behaves_as_expected{int, int, int}[2]" classname="fr.lernejo.SampleTest" time="0.001"/>
</testsuite>